[
  {
    "command": "EVAL",
    "node_id": "root",
    "result": "(root (goal \"为'量子菌根心理学'定义研究议程\") (requirements (req1 \"定义领域\") (req2 \"提出核心假说\") (req3 \"设计思想实验\") (req4 \"说明其意义\")) (synthesis (alternatives (option_A \"简单组合三个概念\") (option_B \"寻找一个核心机制将三者联系起来\") (option_C \"从哲学角度进行整合\"))))"
  },
  {
    "command": "EVAL",
    "node_id": "option_A",
    "result": "(tqr_score 6.5)"
  },
  {
    "command": "EVAL",
    "node_id": "option_B",
    "result": "(tqr_score 8.9)"
  },
  {
    "command": "EVAL",
    "node_id": "option_C",
    "result": "(tqr_score 6.1)"
  },
  {
    "command": "CHOOSE",
    "parent_node_id": "synthesis",
    "chosen_node_id": "option_B"
  },
  {
    "command": "EXPAND",
    "parent_node_id": "option_B",
    "new_child_node": "(core_mechanism \"利用量子效应进行信息处理的宏观生物网络\")"
  },
  {
    "command": "EXPAND",
    "parent_node_id": "core_mechanism",
    "new_child_node": "(response_to_req1 \"定义...\")"
  },
  {
    "command": "EXPAND",
    "parent_node_id": "core_mechanism",
    "new_child_node": "(response_to_req2 \"假说...\")"
  },
  {
    "command": "EXPAND",
    "parent_node_id": "core_mechanism",
    "new_child_node": "(response_to_req3 \"实验...\")"
  },
  {
    "command": "EXPAND",
    "parent_node_id": "core_mechanism",
    "new_child_node": "(response_to_req4 \"意义...\")"
  }
]